{"/Users/zl/Desktop/DaenerysUI/lib/components/icon/icon.tsx": {"path":"/Users/zl/Desktop/DaenerysUI/lib/components/icon/icon.tsx","statementMap":{"0":{"start":{"line":1,"column":0},"end":{"line":1,"column":26}},"1":{"start":{"line":2,"column":0},"end":{"line":2,"column":20}},"2":{"start":{"line":3,"column":0},"end":{"line":3,"column":25}},"3":{"start":{"line":4,"column":0},"end":{"line":4,"column":43}},"4":{"start":{"line":12,"column":30},"end":{"line":23,"column":1}},"5":{"start":{"line":13,"column":9},"end":{"line":13,"column":13}},"6":{"start":{"line":13,"column":15},"end":{"line":13,"column":24}},"7":{"start":{"line":13,"column":27},"end":{"line":13,"column":39}},"8":{"start":{"line":15,"column":2},"end":{"line":22,"column":null}},"9":{"start":{"line":25,"column":0},"end":{"line":25,"column":null}}},"fnMap":{"0":{"name":"(anonymous_0)","decl":{"start":{"line":12,"column":30},"end":{"line":12,"column":35}},"loc":{"start":{"line":12,"column":35},"end":{"line":23,"column":1}}}},"branchMap":{},"s":{"0":1,"1":1,"2":1,"3":1,"4":1,"5":2,"6":2,"7":2,"8":2,"9":1},"f":{"0":2},"b":{}}
,"/Users/zl/Desktop/DaenerysUI/lib/components/icon/importIcons.js": {"path":"/Users/zl/Desktop/DaenerysUI/lib/components/icon/importIcons.js","statementMap":{"0":{"start":{"line":1,"column":16},"end":{"line":1,"column":81}},"1":{"start":{"line":1,"column":36},"end":{"line":1,"column":81}},"2":{"start":{"line":2,"column":0},"end":{"line":5,"column":1}},"3":{"start":{"line":3,"column":2},"end":{"line":3,"column":60}}},"fnMap":{"0":{"name":"(anonymous_0)","decl":{"start":{"line":1,"column":16},"end":{"line":1,"column":17}},"loc":{"start":{"line":1,"column":36},"end":{"line":1,"column":81}},"line":1}},"branchMap":{},"s":{"0":1,"1":0,"2":1,"3":1},"f":{"0":0},"b":{},"_coverageSchema":"43e27e138ebf9cfc5966b082cf9a028302ed4184","hash":"063aa1ec85423b11a945e86d27117656fb900c0d"}
,"/Users/zl/Desktop/DaenerysUI/lib/utils/index.tsx": {"path":"/Users/zl/Desktop/DaenerysUI/lib/utils/index.tsx","statementMap":{"0":{"start":{"line":1,"column":30},"end":{"line":1,"column":49}},"1":{"start":{"line":2,"column":2},"end":{"line":2,"column":null}},"2":{"start":{"line":2,"column":32},"end":{"line":2,"column":38}},"3":{"start":{"line":1,"column":0},"end":{"line":1,"column":16}}},"fnMap":{"0":{"name":"formatClasses","decl":{"start":{"line":1,"column":16},"end":{"line":1,"column":29}},"loc":{"start":{"line":1,"column":29},"end":{"line":3,"column":1}}},"1":{"name":"(anonymous_1)","decl":{"start":{"line":2,"column":24},"end":{"line":2,"column":28}},"loc":{"start":{"line":2,"column":28},"end":{"line":2,"column":36}}}},"branchMap":{},"s":{"0":30,"1":8,"2":14,"3":2},"f":{"0":8,"1":14},"b":{}}
}
