TN:
SF:/Users/zl/Desktop/DaenerysUI/lib/index.tsx
FN:4,(anonymous_0)
FN:5,(anonymous_2)
FNF:2
FNH:0
FNDA:0,(anonymous_0)
FNDA:0,(anonymous_2)
DA:1,0
DA:2,0
DA:3,0
DA:4,0
DA:5,0
DA:6,0
DA:13,0
DA:14,0
LF:8
LH:0
BRF:0
BRH:0
end_of_record
TN:
SF:/Users/zl/Desktop/DaenerysUI/lib/components/icon/icon.tsx
FN:12,(anonymous_0)
FNF:1
FNH:1
FNDA:2,(anonymous_0)
DA:1,1
DA:2,1
DA:3,1
DA:4,1
DA:12,1
DA:13,2
DA:15,2
DA:25,1
LF:8
LH:8
BRF:0
BRH:0
end_of_record
TN:
SF:/Users/zl/Desktop/DaenerysUI/lib/types/custom.d.ts
FNF:0
FNH:0
LF:0
LH:0
BRF:0
BRH:0
end_of_record
TN:
SF:/Users/zl/Desktop/DaenerysUI/lib/utils/index.tsx
FN:1,formatClasses
FN:2,(anonymous_1)
FNF:2
FNH:2
FNDA:8,formatClasses
FNDA:14,(anonymous_1)
DA:1,30
DA:2,14
LF:2
LH:2
BRF:0
BRH:0
end_of_record
